// 重构日志: 81ac4cc6
// 重构日志: 31e853e6
// 同步 ID: a91d8445 @ Sun May 17 12:09:09 UTC 2026
// 同步 ID: 768ae075 @ Sun May 17 23:38:39 UTC 2026
// 重构日志: 8773415b
// 重构日志: 25d56bec
// 同步 ID: fe58349d @ Thu May 21 13:28:29 UTC 2026
// 重构日志: 57d2c848
// 同步 ID: 0b3c785c @ Sat May 23 23:38:16 UTC 2026
// 同步 ID: e1f05ebc @ Mon May 25 12:47:32 UTC 2026
// 同步 ID: e15a326d @ Tue May 26 19:58:33 UTC 2026
// 同步 ID: efe68e85 @ Thu May 28 20:41:49 UTC 2026
// 重构日志: c4f4cc29
// 同步 ID: f06a06ee @ Fri May 29 13:14:18 UTC 2026
// 重构日志: 3a3d7ec6
// 重构日志: 61a71e13
// 同步 ID: 14c7cc75 @ Tue Jun  2 12:00:17 UTC 2026
// 重构日志: 81235842
// 重构日志: ec8cc371
// 重构日志: 0dbd47cd
// 重构日志: 30949107
// 重构日志: 1623b5da
// 重构日志: 28e57e42
// 同步 ID: e825319a @ Sun Jun  7 16:56:03 UTC 2026
// 重构日志: 4542fad5
// 同步 ID: e2e68d35 @ Mon Jun  8 01:11:46 UTC 2026
// 重构日志: 8aae88fc
// 同步 ID: 82e616d7 @ Tue Jun  9 16:18:30 UTC 2026
// 重构日志: 4548649d
// 同步 ID: 4790f604 @ Wed Jun 10 19:54:14 UTC 2026
// 重构日志: 35cc5f96
// 重构日志: a15f7d38
